<?xml version="1.0" encoding="UTF-8"?>
<testsuite xmlns:xsi="http://www.w3.org/2001/XMLSchema-instance" xsi:schemaLocation="https://maven.apache.org/surefire/maven-surefire-plugin/xsd/surefire-test-report.xsd" name="runner.RunnerTest" time="348.714" tests="323" errors="0" skipped="0" failures="0">
  <properties>
    <property name="idea.version" value="2020.2.3"/>
    <property name="java.runtime.name" value="OpenJDK Runtime Environment"/>
    <property name="sun.boot.library.path" value="C:\Program Files\Zulu\zulu-8\jre\bin"/>
    <property name="java.vm.version" value="25.272-b17"/>
    <property name="jdk.vendor.version" value="Zulu 8.50.0.21-CA-win64"/>
    <property name="java.vm.vendor" value="Azul Systems, Inc."/>
    <property name="maven.multiModuleProjectDirectory" value="C:\Users\319005\Desktop\Estudos\Faculdade\Testes de software\Atividades\SystemTests"/>
    <property name="java.vendor.url" value="http://www.azulsystems.com/"/>
    <property name="path.separator" value=";"/>
    <property name="guice.disable.misplaced.annotation.check" value="true"/>
    <property name="java.vm.name" value="OpenJDK 64-Bit Server VM"/>
    <property name="file.encoding.pkg" value="sun.io"/>
    <property name="user.script" value=""/>
    <property name="user.country" value="BR"/>
    <property name="sun.java.launcher" value="SUN_STANDARD"/>
    <property name="sun.os.patch.level" value=""/>
    <property name="java.vm.specification.name" value="Java Virtual Machine Specification"/>
    <property name="user.dir" value="C:\Users\319005\Desktop\Estudos\Faculdade\Testes de software\Atividades\SystemTests"/>
    <property name="java.runtime.version" value="1.8.0_272-b17"/>
    <property name="java.awt.graphicsenv" value="sun.awt.Win32GraphicsEnvironment"/>
    <property name="java.endorsed.dirs" value="C:\Program Files\Zulu\zulu-8\jre\lib\endorsed"/>
    <property name="os.arch" value="amd64"/>
    <property name="java.io.tmpdir" value="C:\Users\319005\AppData\Local\Temp\"/>
    <property name="line.separator" value="&#10;"/>
    <property name="java.vm.specification.vendor" value="Oracle Corporation"/>
    <property name="user.variant" value=""/>
    <property name="os.name" value="Windows 10"/>
    <property name="maven.ext.class.path" value="C:\Program Files\JetBrains\IntelliJ IDEA Community Edition 2020.2.3\plugins\maven\lib\maven-event-listener.jar"/>
    <property name="classworlds.conf" value="C:\Program Files\JetBrains\IntelliJ IDEA Community Edition 2020.2.3\plugins\maven\lib\maven3\bin\m2.conf"/>
    <property name="sun.jnu.encoding" value="Cp1252"/>
    <property name="java.library.path" value="C:\Program Files\Zulu\zulu-8\bin;C:\Windows\Sun\Java\bin;C:\Windows\system32;C:\Windows;C:\Program Files\Zulu\zulu-8\bin\;C:\Python38\Scripts\;C:\Python38\;C:\Program Files (x86)\Common Files\Oracle\Java\javapath;C:\app\319005\product\11.2.0\client_2\bin;C:\app\319005\product\11.2.0\client_1;C:\app\319005\product\11.2.0\client_1\bin;C:\Windows\system32;C:\Windows;C:\Windows\System32\Wbem;C:\Windows\System32\WindowsPowerShell\v1.0\;C:\Windows\System32\OpenSSH\;C:\Program Files (x86)\Intel\Intel(R) Management Engine Components\DAL;C:\Program Files\Intel\Intel(R) Management Engine Components\DAL;C:\Program Files\Intel\WiFi\bin\;C:\Program Files\Common Files\Intel\WirelessCommon\;C:\Program Files\dotnet\;C:\Program Files\Microsoft SQL Server\130\Tools\Binn\;C:\Program Files\Microsoft SQL Server\Client SDK\ODBC\170\Tools\Binn\;C:\Program Files\TortoiseSVN\bin;C:\Program Files\PuTTY\;C:\Program Files\nodejs\;C:\ProgramData\chocolatey\bin;C:\Program Files\Git\cmd;C:\Program Files (x86)\Microsoft SQL Server\150\Tools\Binn\;C:\Program Files\Microsoft SQL Server\150\Tools\Binn\;C:\Program Files\Microsoft SQL Server\150\DTS\Binn\;C:\Program Files (x86)\Microsoft SQL Server\150\DTS\Binn\;C:\Program Files\Azure Data Studio\bin;C:\Users\319005\AppData\Local\Microsoft\WindowsApps;C:\Users\319005\AppData\Local\Programs\Microsoft VS Code\bin;C:\Users\319005\AppData\Roaming\npm;C:\Program Files (x86)\Java\jre1.8.0_251\BIN;C:\Program Files\Maven\apache-maven-3.6.3\BIN;C:\Program Files\Azure Data Studio\bin;C:\Drivers;;."/>
    <property name="maven.conf" value="C:\Program Files\JetBrains\IntelliJ IDEA Community Edition 2020.2.3\plugins\maven\lib\maven3/conf"/>
    <property name="java.specification.name" value="Java Platform API Specification"/>
    <property name="java.class.version" value="52.0"/>
    <property name="sun.management.compiler" value="HotSpot 64-Bit Tiered Compilers"/>
    <property name="os.version" value="10.0"/>
    <property name="user.home" value="C:\Users\319005"/>
    <property name="user.timezone" value="America/Sao_Paulo"/>
    <property name="java.awt.printerjob" value="sun.awt.windows.WPrinterJob"/>
    <property name="java.specification.version" value="1.8"/>
    <property name="file.encoding" value="UTF-8"/>
    <property name="user.name" value="319005"/>
    <property name="java.class.path" value="C:\Program Files\JetBrains\IntelliJ IDEA Community Edition 2020.2.3\plugins\maven\lib\maven3\boot\plexus-classworlds-2.6.0.jar;C:\Program Files\JetBrains\IntelliJ IDEA Community Edition 2020.2.3\plugins\maven\lib\maven3\boot\plexus-classworlds.license;C:\Program Files\JetBrains\IntelliJ IDEA Community Edition 2020.2.3\lib\idea_rt.jar"/>
    <property name="java.vm.specification.version" value="1.8"/>
    <property name="sun.arch.data.model" value="64"/>
    <property name="java.home" value="C:\Program Files\Zulu\zulu-8\jre"/>
    <property name="sun.java.command" value="org.codehaus.classworlds.Launcher -Didea.version=2020.2.3 verify"/>
    <property name="java.specification.vendor" value="Oracle Corporation"/>
    <property name="user.language" value="pt"/>
    <property name="awt.toolkit" value="sun.awt.windows.WToolkit"/>
    <property name="java.vm.info" value="mixed mode"/>
    <property name="java.version" value="1.8.0_272"/>
    <property name="java.ext.dirs" value="C:\Program Files\Zulu\zulu-8\jre\lib\ext;C:\Windows\Sun\Java\lib\ext"/>
    <property name="sun.boot.class.path" value="C:\Program Files\Zulu\zulu-8\jre\lib\resources.jar;C:\Program Files\Zulu\zulu-8\jre\lib\rt.jar;C:\Program Files\Zulu\zulu-8\jre\lib\sunrsasign.jar;C:\Program Files\Zulu\zulu-8\jre\lib\jsse.jar;C:\Program Files\Zulu\zulu-8\jre\lib\jce.jar;C:\Program Files\Zulu\zulu-8\jre\lib\charsets.jar;C:\Program Files\Zulu\zulu-8\jre\lib\jfr.jar;C:\Program Files\Zulu\zulu-8\jre\classes"/>
    <property name="java.vendor" value="Azul Systems, Inc."/>
    <property name="maven.home" value="C:\Program Files\JetBrains\IntelliJ IDEA Community Edition 2020.2.3\plugins\maven\lib\maven3"/>
    <property name="file.separator" value="\"/>
    <property name="java.vendor.url.bug" value="http://www.azulsystems.com/support/"/>
    <property name="sun.cpu.endian" value="little"/>
    <property name="sun.io.unicode.encoding" value="UnicodeLittle"/>
    <property name="sun.desktop" value="windows"/>
    <property name="sun.cpu.isalist" value="amd64"/>
  </properties>
  <testcase name="Dado que o usuário está na página inicial" classname="Cenario: Adicionar um novo processo" time="0.003"/>
  <testcase name="E que o usuário clica no menu Processos" classname="Cenario: Adicionar um novo processo" time="0.001"/>
  <testcase name="E o usuário clica no botão Novo Processo" classname="Cenario: Adicionar um novo processo" time="0.001"/>
  <testcase name="E o usuário preenche o campo &quot;processo_vara&quot; do tipo &quot;INPUT&quot; com valor &quot;Osasco&quot;" classname="Cenario: Adicionar um novo processo" time="0"/>
  <testcase name="E o usuário preenche o campo &quot;processo_numero_processo&quot; do tipo &quot;INPUT&quot; com valor &quot;12345&quot;" classname="Cenario: Adicionar um novo processo" time="0"/>
  <testcase name="E o usuário preenche o campo &quot;processo_natureza&quot; do tipo &quot;INPUT&quot; com valor &quot;Guarda&quot;" classname="Cenario: Adicionar um novo processo" time="0"/>
  <testcase name="E o usuário preenche o campo &quot;processo_partes&quot; do tipo &quot;INPUT&quot; com valor &quot;Lucas x Mirella&quot;" classname="Cenario: Adicionar um novo processo" time="0"/>
  <testcase name="E o usuário preenche o campo &quot;processo_urgente&quot; do tipo &quot;SELECT&quot; com valor &quot;Não&quot;" classname="Cenario: Adicionar um novo processo" time="0"/>
  <testcase name="E o usuário preenche o campo &quot;processo_arbitramento_s&quot; do tipo &quot;RADIOBUTTON&quot; para informar o valor &quot;Sim&quot;" classname="Cenario: Adicionar um novo processo" time="0"/>
  <testcase name="E o usuário preenche o campo &quot;processo_assistente_social&quot; do tipo &quot;INPUT&quot; com valor &quot;Aline&quot;" classname="Cenario: Adicionar um novo processo" time="0"/>
  <testcase name="E o usuário preenche o campo &quot;processo_data_entrada&quot; do tipo &quot;INPUT&quot; com valor &quot;17/12/2020&quot;" classname="Cenario: Adicionar um novo processo" time="0"/>
  <testcase name="E o usuário preenche o campo &quot;processo_data_saida&quot; do tipo &quot;INPUT&quot; com valor &quot;&quot;" classname="Cenario: Adicionar um novo processo" time="0.001"/>
  <testcase name="E o usuário preenche o campo &quot;processo_data_agendamento&quot; do tipo &quot;INPUT&quot; com valor &quot;&quot;" classname="Cenario: Adicionar um novo processo" time="0"/>
  <testcase name="E o usuário preenche o campo &quot;processo_status&quot; do tipo &quot;INPUT&quot; com valor &quot;Aguardando&quot;" classname="Cenario: Adicionar um novo processo" time="0"/>
  <testcase name="E o usuário preenche o campo &quot;processo_observacao&quot; do tipo &quot;INPUT&quot; com valor &quot;&quot;" classname="Cenario: Adicionar um novo processo" time="0"/>
  <testcase name="Quando o usuário clicar no botão salvar" classname="Cenario: Adicionar um novo processo" time="0"/>
  <testcase name="Então o usuário deveria ver a mensagem &quot;Processo foi criado com sucesso.&quot;" classname="Cenario: Adicionar um novo processo" time="0"/>
  <testcase name="Cenario: Adicionar um novo processo" classname="Cenario: Adicionar um novo processo" time="0.732"/>
  <testcase name="Dado que o usuário está na página inicial" classname="Cenario: Criar e mostrar o processo criado" time="0"/>
  <testcase name="E que o usuário clica no menu Processos" classname="Cenario: Criar e mostrar o processo criado" time="0"/>
  <testcase name="E o usuário clica no botão Novo Processo" classname="Cenario: Criar e mostrar o processo criado" time="0"/>
  <testcase name="E o usuário preenche o campo &quot;processo_vara&quot; do tipo &quot;INPUT&quot; com valor &quot;Osasco&quot;" classname="Cenario: Criar e mostrar o processo criado" time="0"/>
  <testcase name="E o usuário preenche o campo &quot;processo_numero_processo&quot; do tipo &quot;INPUT&quot; com valor &quot;12345&quot;" classname="Cenario: Criar e mostrar o processo criado" time="0"/>
  <testcase name="E o usuário preenche o campo &quot;processo_natureza&quot; do tipo &quot;INPUT&quot; com valor &quot;Guarda&quot;" classname="Cenario: Criar e mostrar o processo criado" time="0"/>
  <testcase name="E o usuário preenche o campo &quot;processo_partes&quot; do tipo &quot;INPUT&quot; com valor &quot;Lucas x Mirella&quot;" classname="Cenario: Criar e mostrar o processo criado" time="0.001"/>
  <testcase name="E o usuário preenche o campo &quot;processo_urgente&quot; do tipo &quot;SELECT&quot; com valor &quot;Não&quot;" classname="Cenario: Criar e mostrar o processo criado" time="0"/>
  <testcase name="E o usuário preenche o campo &quot;processo_arbitramento_s&quot; do tipo &quot;RADIOBUTTON&quot; para informar o valor &quot;Sim&quot;" classname="Cenario: Criar e mostrar o processo criado" time="0"/>
  <testcase name="E o usuário preenche o campo &quot;processo_assistente_social&quot; do tipo &quot;INPUT&quot; com valor &quot;Aline&quot;" classname="Cenario: Criar e mostrar o processo criado" time="0"/>
  <testcase name="E o usuário preenche o campo &quot;processo_data_entrada&quot; do tipo &quot;INPUT&quot; com valor &quot;17/12/2020&quot;" classname="Cenario: Criar e mostrar o processo criado" time="0"/>
  <testcase name="E o usuário preenche o campo &quot;processo_data_saida&quot; do tipo &quot;INPUT&quot; com valor &quot;&quot;" classname="Cenario: Criar e mostrar o processo criado" time="0"/>
  <testcase name="E o usuário preenche o campo &quot;processo_data_agendamento&quot; do tipo &quot;INPUT&quot; com valor &quot;&quot;" classname="Cenario: Criar e mostrar o processo criado" time="0"/>
  <testcase name="E o usuário preenche o campo &quot;processo_status&quot; do tipo &quot;INPUT&quot; com valor &quot;Aguardando&quot;" classname="Cenario: Criar e mostrar o processo criado" time="0"/>
  <testcase name="E o usuário preenche o campo &quot;processo_observacao&quot; do tipo &quot;INPUT&quot; com valor &quot;&quot;" classname="Cenario: Criar e mostrar o processo criado" time="0"/>
  <testcase name="E o usuário clicar no botão salvar" classname="Cenario: Criar e mostrar o processo criado" time="0"/>
  <testcase name="E o usuário clicar no botão voltar" classname="Cenario: Criar e mostrar o processo criado" time="0"/>
  <testcase name="Quando o usuário clicar no botão mostrar" classname="Cenario: Criar e mostrar o processo criado" time="0"/>
  <testcase name="Então o usuário deveria ver o valor &quot;Osasco&quot; no campo &quot;vara&quot;" classname="Cenario: Criar e mostrar o processo criado" time="0.001"/>
  <testcase name="E o usuário deveria ver o valor &quot;12345&quot; no campo &quot;numero&quot;" classname="Cenario: Criar e mostrar o processo criado" time="0"/>
  <testcase name="E o usuário deveria ver o valor &quot;Guarda&quot; no campo &quot;natureza&quot;" classname="Cenario: Criar e mostrar o processo criado" time="0"/>
  <testcase name="E o usuário deveria ver o valor &quot;Lucas x Mirella&quot; no campo &quot;partes&quot;" classname="Cenario: Criar e mostrar o processo criado" time="0"/>
  <testcase name="E o usuário deveria ver o valor &quot;N&quot; no campo &quot;urgente&quot;" classname="Cenario: Criar e mostrar o processo criado" time="0"/>
  <testcase name="E o usuário deveria ver o valor &quot;S&quot; no campo &quot;arbitramento&quot;" classname="Cenario: Criar e mostrar o processo criado" time="0"/>
  <testcase name="E o usuário deveria ver o valor &quot;Aline&quot; no campo &quot;as_social&quot;" classname="Cenario: Criar e mostrar o processo criado" time="0"/>
  <testcase name="E o usuário deveria ver o valor &quot;2020-12-17&quot; no campo &quot;dt_entrada&quot;" classname="Cenario: Criar e mostrar o processo criado" time="0"/>
  <testcase name="E o usuário deveria ver o valor &quot;&quot; no campo &quot;dt_saida&quot;" classname="Cenario: Criar e mostrar o processo criado" time="0"/>
  <testcase name="E o usuário deveria ver o valor &quot;&quot; no campo &quot;dt_agendamento&quot;" classname="Cenario: Criar e mostrar o processo criado" time="0"/>
  <testcase name="E o usuário deveria ver o valor &quot;Aguardando&quot; no campo &quot;status&quot;" classname="Cenario: Criar e mostrar o processo criado" time="0"/>
  <testcase name="E o usuário deveria ver o valor &quot;&quot; no campo &quot;observacao&quot;" classname="Cenario: Criar e mostrar o processo criado" time="0"/>
  <testcase name="Cenario: Criar e mostrar o processo criado" classname="Cenario: Criar e mostrar o processo criado" time="0.806"/>
  <testcase name="Dado que o usuário está na página inicial" classname="Cenário: Criar, alterar e verificar se a alteração foi aplicada" time="0.001"/>
  <testcase name="E que o usuário clica no menu Processos" classname="Cenário: Criar, alterar e verificar se a alteração foi aplicada" time="0"/>
  <testcase name="E o usuário clica no botão Novo Processo" classname="Cenário: Criar, alterar e verificar se a alteração foi aplicada" time="0"/>
  <testcase name="E o usuário preenche o campo &quot;processo_vara&quot; do tipo &quot;INPUT&quot; com valor &quot;Osasco&quot;" classname="Cenário: Criar, alterar e verificar se a alteração foi aplicada" time="0"/>
  <testcase name="E o usuário preenche o campo &quot;processo_numero_processo&quot; do tipo &quot;INPUT&quot; com valor &quot;12345&quot;" classname="Cenário: Criar, alterar e verificar se a alteração foi aplicada" time="0"/>
  <testcase name="E o usuário preenche o campo &quot;processo_natureza&quot; do tipo &quot;INPUT&quot; com valor &quot;Guarda&quot;" classname="Cenário: Criar, alterar e verificar se a alteração foi aplicada" time="0"/>
  <testcase name="E o usuário preenche o campo &quot;processo_partes&quot; do tipo &quot;INPUT&quot; com valor &quot;Lucas x Mirella&quot;" classname="Cenário: Criar, alterar e verificar se a alteração foi aplicada" time="0"/>
  <testcase name="E o usuário preenche o campo &quot;processo_urgente&quot; do tipo &quot;SELECT&quot; com valor &quot;Não&quot;" classname="Cenário: Criar, alterar e verificar se a alteração foi aplicada" time="0"/>
  <testcase name="E o usuário preenche o campo &quot;processo_arbitramento_s&quot; do tipo &quot;RADIOBUTTON&quot; para informar o valor &quot;Sim&quot;" classname="Cenário: Criar, alterar e verificar se a alteração foi aplicada" time="0"/>
  <testcase name="E o usuário preenche o campo &quot;processo_assistente_social&quot; do tipo &quot;INPUT&quot; com valor &quot;Aline&quot;" classname="Cenário: Criar, alterar e verificar se a alteração foi aplicada" time="0"/>
  <testcase name="E o usuário preenche o campo &quot;processo_data_entrada&quot; do tipo &quot;INPUT&quot; com valor &quot;17/12/2020&quot;" classname="Cenário: Criar, alterar e verificar se a alteração foi aplicada" time="0"/>
  <testcase name="E o usuário preenche o campo &quot;processo_data_saida&quot; do tipo &quot;INPUT&quot; com valor &quot;&quot;" classname="Cenário: Criar, alterar e verificar se a alteração foi aplicada" time="0"/>
  <testcase name="E o usuário preenche o campo &quot;processo_data_agendamento&quot; do tipo &quot;INPUT&quot; com valor &quot;&quot;" classname="Cenário: Criar, alterar e verificar se a alteração foi aplicada" time="0"/>
  <testcase name="E o usuário preenche o campo &quot;processo_status&quot; do tipo &quot;INPUT&quot; com valor &quot;Aguardando&quot;" classname="Cenário: Criar, alterar e verificar se a alteração foi aplicada" time="0"/>
  <testcase name="E o usuário preenche o campo &quot;processo_observacao&quot; do tipo &quot;INPUT&quot; com valor &quot;&quot;" classname="Cenário: Criar, alterar e verificar se a alteração foi aplicada" time="0"/>
  <testcase name="E o usuário clicar no botão salvar" classname="Cenário: Criar, alterar e verificar se a alteração foi aplicada" time="0"/>
  <testcase name="E o usuário clicar no botão voltar" classname="Cenário: Criar, alterar e verificar se a alteração foi aplicada" time="0.001"/>
  <testcase name="E o usuário clicar no botão editar do processo cadastrado" classname="Cenário: Criar, alterar e verificar se a alteração foi aplicada" time="0"/>
  <testcase name="E o usuário preenche o campo &quot;processo_vara&quot; do tipo &quot;INPUT&quot; com valor &quot;São Paulo&quot; na tela de edição" classname="Cenário: Criar, alterar e verificar se a alteração foi aplicada" time="0"/>
  <testcase name="Quando o usuário clicar no botão salvar na tela de edição" classname="Cenário: Criar, alterar e verificar se a alteração foi aplicada" time="0"/>
  <testcase name="Então o usuário deveria ver o valor &quot;São Paulo&quot; no campo &quot;vara&quot;" classname="Cenário: Criar, alterar e verificar se a alteração foi aplicada" time="0"/>
  <testcase name="Cenário: Criar, alterar e verificar se a alteração foi aplicada" classname="Cenário: Criar, alterar e verificar se a alteração foi aplicada" time="0.783"/>
  <testcase name="Dado que o usuário está na página inicial" classname="Cenário: Criar e deletar o processo" time="0"/>
  <testcase name="E que o usuário clica no menu Processos" classname="Cenário: Criar e deletar o processo" time="0"/>
  <testcase name="E o usuário clica no botão Novo Processo" classname="Cenário: Criar e deletar o processo" time="0"/>
  <testcase name="E o usuário preenche o campo &quot;processo_vara&quot; do tipo &quot;INPUT&quot; com valor &quot;Osasco&quot;" classname="Cenário: Criar e deletar o processo" time="0"/>
  <testcase name="E o usuário preenche o campo &quot;processo_numero_processo&quot; do tipo &quot;INPUT&quot; com valor &quot;12345&quot;" classname="Cenário: Criar e deletar o processo" time="0"/>
  <testcase name="E o usuário preenche o campo &quot;processo_natureza&quot; do tipo &quot;INPUT&quot; com valor &quot;Guarda&quot;" classname="Cenário: Criar e deletar o processo" time="0"/>
  <testcase name="E o usuário preenche o campo &quot;processo_partes&quot; do tipo &quot;INPUT&quot; com valor &quot;Lucas x Mirella&quot;" classname="Cenário: Criar e deletar o processo" time="0"/>
  <testcase name="E o usuário preenche o campo &quot;processo_urgente&quot; do tipo &quot;SELECT&quot; com valor &quot;Não&quot;" classname="Cenário: Criar e deletar o processo" time="0"/>
  <testcase name="E o usuário preenche o campo &quot;processo_arbitramento_s&quot; do tipo &quot;RADIOBUTTON&quot; para informar o valor &quot;Sim&quot;" classname="Cenário: Criar e deletar o processo" time="0"/>
  <testcase name="E o usuário preenche o campo &quot;processo_assistente_social&quot; do tipo &quot;INPUT&quot; com valor &quot;Aline&quot;" classname="Cenário: Criar e deletar o processo" time="0"/>
  <testcase name="E o usuário preenche o campo &quot;processo_data_entrada&quot; do tipo &quot;INPUT&quot; com valor &quot;17/12/2020&quot;" classname="Cenário: Criar e deletar o processo" time="0"/>
  <testcase name="E o usuário preenche o campo &quot;processo_data_saida&quot; do tipo &quot;INPUT&quot; com valor &quot;&quot;" classname="Cenário: Criar e deletar o processo" time="0"/>
  <testcase name="E o usuário preenche o campo &quot;processo_data_agendamento&quot; do tipo &quot;INPUT&quot; com valor &quot;&quot;" classname="Cenário: Criar e deletar o processo" time="0"/>
  <testcase name="E o usuário preenche o campo &quot;processo_status&quot; do tipo &quot;INPUT&quot; com valor &quot;Aguardando&quot;" classname="Cenário: Criar e deletar o processo" time="0"/>
  <testcase name="E o usuário preenche o campo &quot;processo_observacao&quot; do tipo &quot;INPUT&quot; com valor &quot;&quot;" classname="Cenário: Criar e deletar o processo" time="0"/>
  <testcase name="E o usuário clicar no botão salvar" classname="Cenário: Criar e deletar o processo" time="0"/>
  <testcase name="E o usuário clicar no botão voltar" classname="Cenário: Criar e deletar o processo" time="0"/>
  <testcase name="Quando o usuário clicar no botão apagar" classname="Cenário: Criar e deletar o processo" time="0"/>
  <testcase name="E o usuário confirmar a deleção" classname="Cenário: Criar e deletar o processo" time="0"/>
  <testcase name="Então o botão apagar não deve mais existir para o processo cadastrado" classname="Cenário: Criar e deletar o processo" time="0"/>
  <testcase name="Cenário: Criar e deletar o processo" classname="Cenário: Criar e deletar o processo" time="0.779"/>
  <testcase name="Dado que o usuário está na página inicial" classname="| Osasco | 1234 | Guarda | Lucas x Mirella | 17/12/2020 |  | Status não pode ser deixado em branco |" time="0"/>
  <testcase name="Dado que o usuário está na página inicial" classname="| Osasco | 1234 | Guarda | Lucas x Mirella | 17/12/2020 |  | Status não pode ser deixado em branco |" time="0.001"/>
  <testcase name="E que o usuário clica no menu Processos" classname="| Osasco | 1234 | Guarda | Lucas x Mirella | 17/12/2020 |  | Status não pode ser deixado em branco |" time="0"/>
  <testcase name="E que o usuário clica no menu Processos" classname="| Osasco | 1234 | Guarda | Lucas x Mirella | 17/12/2020 |  | Status não pode ser deixado em branco |" time="0"/>
  <testcase name="E o usuário clica no botão Novo Processo" classname="| Osasco | 1234 | Guarda | Lucas x Mirella | 17/12/2020 |  | Status não pode ser deixado em branco |" time="0"/>
  <testcase name="E o usuário clica no botão Novo Processo" classname="| Osasco | 1234 | Guarda | Lucas x Mirella | 17/12/2020 |  | Status não pode ser deixado em branco |" time="0"/>
  <testcase name="E o usuário preenche o campo &quot;processo_vara&quot; do tipo &quot;INPUT&quot; com valor &quot;Osasco&quot;" classname="| Osasco | 1234 | Guarda | Lucas x Mirella | 17/12/2020 |  | Status não pode ser deixado em branco |" time="0"/>
  <testcase name="E o usuário preenche o campo &quot;processo_vara&quot; do tipo &quot;INPUT&quot; com valor &quot;Osasco&quot;" classname="| Osasco | 1234 | Guarda | Lucas x Mirella | 17/12/2020 |  | Status não pode ser deixado em branco |" time="0"/>
  <testcase name="E o usuário preenche o campo &quot;processo_numero_processo&quot; do tipo &quot;INPUT&quot; com valor &quot;12345&quot;" classname="| Osasco | 1234 | Guarda | Lucas x Mirella | 17/12/2020 |  | Status não pode ser deixado em branco |" time="0"/>
  <testcase name="E o usuário preenche o campo &quot;processo_natureza&quot; do tipo &quot;INPUT&quot; com valor &quot;Guarda&quot;" classname="| Osasco | 1234 | Guarda | Lucas x Mirella | 17/12/2020 |  | Status não pode ser deixado em branco |" time="0"/>
  <testcase name="E o usuário preenche o campo &quot;processo_natureza&quot; do tipo &quot;INPUT&quot; com valor &quot;Guarda&quot;" classname="| Osasco | 1234 | Guarda | Lucas x Mirella | 17/12/2020 |  | Status não pode ser deixado em branco |" time="0"/>
  <testcase name="E o usuário preenche o campo &quot;processo_partes&quot; do tipo &quot;INPUT&quot; com valor &quot;Lucas x Mirella&quot;" classname="| Osasco | 1234 | Guarda | Lucas x Mirella | 17/12/2020 |  | Status não pode ser deixado em branco |" time="0"/>
  <testcase name="E o usuário preenche o campo &quot;processo_partes&quot; do tipo &quot;INPUT&quot; com valor &quot;Lucas x Mirella&quot;" classname="| Osasco | 1234 | Guarda | Lucas x Mirella | 17/12/2020 |  | Status não pode ser deixado em branco |" time="0"/>
  <testcase name="E o usuário preenche o campo &quot;processo_urgente&quot; do tipo &quot;SELECT&quot; com valor &quot;Não&quot;" classname="| Osasco | 1234 | Guarda | Lucas x Mirella | 17/12/2020 |  | Status não pode ser deixado em branco |" time="0"/>
  <testcase name="E o usuário preenche o campo &quot;processo_urgente&quot; do tipo &quot;SELECT&quot; com valor &quot;Não&quot;" classname="| Osasco | 1234 | Guarda | Lucas x Mirella | 17/12/2020 |  | Status não pode ser deixado em branco |" time="0"/>
  <testcase name="E o usuário preenche o campo &quot;processo_arbitramento_s&quot; do tipo &quot;RADIOBUTTON&quot; para informar o valor &quot;Sim&quot;" classname="| Osasco | 1234 | Guarda | Lucas x Mirella | 17/12/2020 |  | Status não pode ser deixado em branco |" time="0"/>
  <testcase name="E o usuário preenche o campo &quot;processo_assistente_social&quot; do tipo &quot;INPUT&quot; com valor &quot;Aline&quot;" classname="| Osasco | 1234 | Guarda | Lucas x Mirella | 17/12/2020 |  | Status não pode ser deixado em branco |" time="0"/>
  <testcase name="E o usuário preenche o campo &quot;processo_assistente_social&quot; do tipo &quot;INPUT&quot; com valor &quot;Aline&quot;" classname="| Osasco | 1234 | Guarda | Lucas x Mirella | 17/12/2020 |  | Status não pode ser deixado em branco |" time="0"/>
  <testcase name="E o usuário preenche o campo &quot;processo_data_entrada&quot; do tipo &quot;INPUT&quot; com valor &quot;17/12/2020&quot;" classname="| Osasco | 1234 | Guarda | Lucas x Mirella | 17/12/2020 |  | Status não pode ser deixado em branco |" time="0"/>
  <testcase name="E o usuário preenche o campo &quot;processo_data_entrada&quot; do tipo &quot;INPUT&quot; com valor &quot;17/12/2020&quot;" classname="| Osasco | 1234 | Guarda | Lucas x Mirella | 17/12/2020 |  | Status não pode ser deixado em branco |" time="0"/>
  <testcase name="E o usuário preenche o campo &quot;processo_data_saida&quot; do tipo &quot;INPUT&quot; com valor &quot;&quot;" classname="| Osasco | 1234 | Guarda | Lucas x Mirella | 17/12/2020 |  | Status não pode ser deixado em branco |" time="0"/>
  <testcase name="E o usuário preenche o campo &quot;processo_data_saida&quot; do tipo &quot;INPUT&quot; com valor &quot;&quot;" classname="| Osasco | 1234 | Guarda | Lucas x Mirella | 17/12/2020 |  | Status não pode ser deixado em branco |" time="0"/>
  <testcase name="E o usuário preenche o campo &quot;processo_data_agendamento&quot; do tipo &quot;INPUT&quot; com valor &quot;&quot;" classname="| Osasco | 1234 | Guarda | Lucas x Mirella | 17/12/2020 |  | Status não pode ser deixado em branco |" time="0"/>
  <testcase name="E o usuário preenche o campo &quot;processo_data_agendamento&quot; do tipo &quot;INPUT&quot; com valor &quot;&quot;" classname="| Osasco | 1234 | Guarda | Lucas x Mirella | 17/12/2020 |  | Status não pode ser deixado em branco |" time="0"/>
  <testcase name="E o usuário preenche o campo &quot;processo_status&quot; do tipo &quot;INPUT&quot; com valor &quot;Aguardando&quot;" classname="| Osasco | 1234 | Guarda | Lucas x Mirella | 17/12/2020 |  | Status não pode ser deixado em branco |" time="0"/>
  <testcase name="E o usuário preenche o campo &quot;processo_observacao&quot; do tipo &quot;INPUT&quot; com valor &quot;&quot;" classname="| Osasco | 1234 | Guarda | Lucas x Mirella | 17/12/2020 |  | Status não pode ser deixado em branco |" time="0"/>
  <testcase name="E o usuário preenche o campo &quot;processo_observacao&quot; do tipo &quot;INPUT&quot; com valor &quot;&quot;" classname="| Osasco | 1234 | Guarda | Lucas x Mirella | 17/12/2020 |  | Status não pode ser deixado em branco |" time="0"/>
  <testcase name="E o usuário preenche o campo &quot;processo_numero_processo&quot; do tipo &quot;INPUT&quot; com valor &quot;1234&quot;" classname="| Osasco | 1234 | Guarda | Lucas x Mirella | 17/12/2020 |  | Status não pode ser deixado em branco |" time="0"/>
  <testcase name="E o usuário preenche o campo &quot;processo_arbitramento_s&quot; do tipo &quot;RADIOBUTTON&quot; com valor &quot;Sim&quot;" classname="| Osasco | 1234 | Guarda | Lucas x Mirella | 17/12/2020 |  | Status não pode ser deixado em branco |" time="0"/>
  <testcase name="E o usuário preenche o campo &quot;processo_status&quot; do tipo &quot;INPUT&quot; com valor &quot;&quot;" classname="| Osasco | 1234 | Guarda | Lucas x Mirella | 17/12/2020 |  | Status não pode ser deixado em branco |" time="0"/>
  <testcase name="Quando o usuário clicar no botão salvar na tela de cadastro" classname="| Osasco | 1234 | Guarda | Lucas x Mirella | 17/12/2020 |  | Status não pode ser deixado em branco |" time="0"/>
  <testcase name="Então o usuário deveria ver a mensagem &quot;Status não pode ser deixado em branco&quot; na tela de cadastro" classname="| Osasco | 1234 | Guarda | Lucas x Mirella | 17/12/2020 |  | Status não pode ser deixado em branco |" time="0"/>
  <testcase name="| Osasco | 1234 | Guarda | Lucas x Mirella | 17/12/2020 |  | Status não pode ser deixado em branco |" classname="| Osasco | 1234 | Guarda | Lucas x Mirella | 17/12/2020 |  | Status não pode ser deixado em branco |" time="0.78"/>
  <testcase name="Dado que o usuário está na página inicial" classname="| Osasco | 1234 | Guarda | Lucas x Mirella |  | Aguardando | Data entrada não pode ser deixado em branco |" time="0"/>
  <testcase name="Dado que o usuário está na página inicial" classname="| Osasco | 1234 | Guarda | Lucas x Mirella |  | Aguardando | Data entrada não pode ser deixado em branco |" time="0"/>
  <testcase name="E que o usuário clica no menu Processos" classname="| Osasco | 1234 | Guarda | Lucas x Mirella |  | Aguardando | Data entrada não pode ser deixado em branco |" time="0"/>
  <testcase name="E que o usuário clica no menu Processos" classname="| Osasco | 1234 | Guarda | Lucas x Mirella |  | Aguardando | Data entrada não pode ser deixado em branco |" time="0"/>
  <testcase name="E o usuário clica no botão Novo Processo" classname="| Osasco | 1234 | Guarda | Lucas x Mirella |  | Aguardando | Data entrada não pode ser deixado em branco |" time="0.001"/>
  <testcase name="E o usuário clica no botão Novo Processo" classname="| Osasco | 1234 | Guarda | Lucas x Mirella |  | Aguardando | Data entrada não pode ser deixado em branco |" time="0"/>
  <testcase name="E o usuário preenche o campo &quot;processo_vara&quot; do tipo &quot;INPUT&quot; com valor &quot;Osasco&quot;" classname="| Osasco | 1234 | Guarda | Lucas x Mirella |  | Aguardando | Data entrada não pode ser deixado em branco |" time="0.001"/>
  <testcase name="E o usuário preenche o campo &quot;processo_vara&quot; do tipo &quot;INPUT&quot; com valor &quot;Osasco&quot;" classname="| Osasco | 1234 | Guarda | Lucas x Mirella |  | Aguardando | Data entrada não pode ser deixado em branco |" time="0"/>
  <testcase name="E o usuário preenche o campo &quot;processo_numero_processo&quot; do tipo &quot;INPUT&quot; com valor &quot;12345&quot;" classname="| Osasco | 1234 | Guarda | Lucas x Mirella |  | Aguardando | Data entrada não pode ser deixado em branco |" time="0"/>
  <testcase name="E o usuário preenche o campo &quot;processo_natureza&quot; do tipo &quot;INPUT&quot; com valor &quot;Guarda&quot;" classname="| Osasco | 1234 | Guarda | Lucas x Mirella |  | Aguardando | Data entrada não pode ser deixado em branco |" time="0"/>
  <testcase name="E o usuário preenche o campo &quot;processo_natureza&quot; do tipo &quot;INPUT&quot; com valor &quot;Guarda&quot;" classname="| Osasco | 1234 | Guarda | Lucas x Mirella |  | Aguardando | Data entrada não pode ser deixado em branco |" time="0"/>
  <testcase name="E o usuário preenche o campo &quot;processo_partes&quot; do tipo &quot;INPUT&quot; com valor &quot;Lucas x Mirella&quot;" classname="| Osasco | 1234 | Guarda | Lucas x Mirella |  | Aguardando | Data entrada não pode ser deixado em branco |" time="0"/>
  <testcase name="E o usuário preenche o campo &quot;processo_partes&quot; do tipo &quot;INPUT&quot; com valor &quot;Lucas x Mirella&quot;" classname="| Osasco | 1234 | Guarda | Lucas x Mirella |  | Aguardando | Data entrada não pode ser deixado em branco |" time="0"/>
  <testcase name="E o usuário preenche o campo &quot;processo_urgente&quot; do tipo &quot;SELECT&quot; com valor &quot;Não&quot;" classname="| Osasco | 1234 | Guarda | Lucas x Mirella |  | Aguardando | Data entrada não pode ser deixado em branco |" time="0"/>
  <testcase name="E o usuário preenche o campo &quot;processo_urgente&quot; do tipo &quot;SELECT&quot; com valor &quot;Não&quot;" classname="| Osasco | 1234 | Guarda | Lucas x Mirella |  | Aguardando | Data entrada não pode ser deixado em branco |" time="0"/>
  <testcase name="E o usuário preenche o campo &quot;processo_arbitramento_s&quot; do tipo &quot;RADIOBUTTON&quot; para informar o valor &quot;Sim&quot;" classname="| Osasco | 1234 | Guarda | Lucas x Mirella |  | Aguardando | Data entrada não pode ser deixado em branco |" time="0"/>
  <testcase name="E o usuário preenche o campo &quot;processo_assistente_social&quot; do tipo &quot;INPUT&quot; com valor &quot;Aline&quot;" classname="| Osasco | 1234 | Guarda | Lucas x Mirella |  | Aguardando | Data entrada não pode ser deixado em branco |" time="0"/>
  <testcase name="E o usuário preenche o campo &quot;processo_assistente_social&quot; do tipo &quot;INPUT&quot; com valor &quot;Aline&quot;" classname="| Osasco | 1234 | Guarda | Lucas x Mirella |  | Aguardando | Data entrada não pode ser deixado em branco |" time="0"/>
  <testcase name="E o usuário preenche o campo &quot;processo_data_entrada&quot; do tipo &quot;INPUT&quot; com valor &quot;17/12/2020&quot;" classname="| Osasco | 1234 | Guarda | Lucas x Mirella |  | Aguardando | Data entrada não pode ser deixado em branco |" time="0"/>
  <testcase name="E o usuário preenche o campo &quot;processo_data_saida&quot; do tipo &quot;INPUT&quot; com valor &quot;&quot;" classname="| Osasco | 1234 | Guarda | Lucas x Mirella |  | Aguardando | Data entrada não pode ser deixado em branco |" time="0"/>
  <testcase name="E o usuário preenche o campo &quot;processo_data_saida&quot; do tipo &quot;INPUT&quot; com valor &quot;&quot;" classname="| Osasco | 1234 | Guarda | Lucas x Mirella |  | Aguardando | Data entrada não pode ser deixado em branco |" time="0"/>
  <testcase name="E o usuário preenche o campo &quot;processo_data_agendamento&quot; do tipo &quot;INPUT&quot; com valor &quot;&quot;" classname="| Osasco | 1234 | Guarda | Lucas x Mirella |  | Aguardando | Data entrada não pode ser deixado em branco |" time="0"/>
  <testcase name="E o usuário preenche o campo &quot;processo_data_agendamento&quot; do tipo &quot;INPUT&quot; com valor &quot;&quot;" classname="| Osasco | 1234 | Guarda | Lucas x Mirella |  | Aguardando | Data entrada não pode ser deixado em branco |" time="0"/>
  <testcase name="E o usuário preenche o campo &quot;processo_status&quot; do tipo &quot;INPUT&quot; com valor &quot;Aguardando&quot;" classname="| Osasco | 1234 | Guarda | Lucas x Mirella |  | Aguardando | Data entrada não pode ser deixado em branco |" time="0"/>
  <testcase name="E o usuário preenche o campo &quot;processo_status&quot; do tipo &quot;INPUT&quot; com valor &quot;Aguardando&quot;" classname="| Osasco | 1234 | Guarda | Lucas x Mirella |  | Aguardando | Data entrada não pode ser deixado em branco |" time="0"/>
  <testcase name="E o usuário preenche o campo &quot;processo_observacao&quot; do tipo &quot;INPUT&quot; com valor &quot;&quot;" classname="| Osasco | 1234 | Guarda | Lucas x Mirella |  | Aguardando | Data entrada não pode ser deixado em branco |" time="0"/>
  <testcase name="E o usuário preenche o campo &quot;processo_observacao&quot; do tipo &quot;INPUT&quot; com valor &quot;&quot;" classname="| Osasco | 1234 | Guarda | Lucas x Mirella |  | Aguardando | Data entrada não pode ser deixado em branco |" time="0"/>
  <testcase name="E o usuário preenche o campo &quot;processo_numero_processo&quot; do tipo &quot;INPUT&quot; com valor &quot;1234&quot;" classname="| Osasco | 1234 | Guarda | Lucas x Mirella |  | Aguardando | Data entrada não pode ser deixado em branco |" time="0"/>
  <testcase name="E o usuário preenche o campo &quot;processo_arbitramento_s&quot; do tipo &quot;RADIOBUTTON&quot; com valor &quot;Sim&quot;" classname="| Osasco | 1234 | Guarda | Lucas x Mirella |  | Aguardando | Data entrada não pode ser deixado em branco |" time="0"/>
  <testcase name="E o usuário preenche o campo &quot;processo_data_entrada&quot; do tipo &quot;INPUT&quot; com valor &quot;&quot;" classname="| Osasco | 1234 | Guarda | Lucas x Mirella |  | Aguardando | Data entrada não pode ser deixado em branco |" time="0"/>
  <testcase name="Quando o usuário clicar no botão salvar na tela de cadastro" classname="| Osasco | 1234 | Guarda | Lucas x Mirella |  | Aguardando | Data entrada não pode ser deixado em branco |" time="0"/>
  <testcase name="Então o usuário deveria ver a mensagem &quot;Data entrada não pode ser deixado em branco&quot; na tela de cadastro" classname="| Osasco | 1234 | Guarda | Lucas x Mirella |  | Aguardando | Data entrada não pode ser deixado em branco |" time="0"/>
  <testcase name="| Osasco | 1234 | Guarda | Lucas x Mirella |  | Aguardando | Data entrada não pode ser deixado em branco |" classname="| Osasco | 1234 | Guarda | Lucas x Mirella |  | Aguardando | Data entrada não pode ser deixado em branco |" time="0.661"/>
  <testcase name="Dado que o usuário está na página inicial" classname="| Osasco | 1234 | Guarda |  | 17/12/2020 | Aguardando | Partes não pode ser deixado em branco |" time="0"/>
  <testcase name="Dado que o usuário está na página inicial" classname="| Osasco | 1234 | Guarda |  | 17/12/2020 | Aguardando | Partes não pode ser deixado em branco |" time="0"/>
  <testcase name="E que o usuário clica no menu Processos" classname="| Osasco | 1234 | Guarda |  | 17/12/2020 | Aguardando | Partes não pode ser deixado em branco |" time="0"/>
  <testcase name="E que o usuário clica no menu Processos" classname="| Osasco | 1234 | Guarda |  | 17/12/2020 | Aguardando | Partes não pode ser deixado em branco |" time="0"/>
  <testcase name="E o usuário clica no botão Novo Processo" classname="| Osasco | 1234 | Guarda |  | 17/12/2020 | Aguardando | Partes não pode ser deixado em branco |" time="0"/>
  <testcase name="E o usuário clica no botão Novo Processo" classname="| Osasco | 1234 | Guarda |  | 17/12/2020 | Aguardando | Partes não pode ser deixado em branco |" time="0"/>
  <testcase name="E o usuário preenche o campo &quot;processo_vara&quot; do tipo &quot;INPUT&quot; com valor &quot;Osasco&quot;" classname="| Osasco | 1234 | Guarda |  | 17/12/2020 | Aguardando | Partes não pode ser deixado em branco |" time="0"/>
  <testcase name="E o usuário preenche o campo &quot;processo_vara&quot; do tipo &quot;INPUT&quot; com valor &quot;Osasco&quot;" classname="| Osasco | 1234 | Guarda |  | 17/12/2020 | Aguardando | Partes não pode ser deixado em branco |" time="0"/>
  <testcase name="E o usuário preenche o campo &quot;processo_numero_processo&quot; do tipo &quot;INPUT&quot; com valor &quot;12345&quot;" classname="| Osasco | 1234 | Guarda |  | 17/12/2020 | Aguardando | Partes não pode ser deixado em branco |" time="0"/>
  <testcase name="E o usuário preenche o campo &quot;processo_natureza&quot; do tipo &quot;INPUT&quot; com valor &quot;Guarda&quot;" classname="| Osasco | 1234 | Guarda |  | 17/12/2020 | Aguardando | Partes não pode ser deixado em branco |" time="0"/>
  <testcase name="E o usuário preenche o campo &quot;processo_natureza&quot; do tipo &quot;INPUT&quot; com valor &quot;Guarda&quot;" classname="| Osasco | 1234 | Guarda |  | 17/12/2020 | Aguardando | Partes não pode ser deixado em branco |" time="0"/>
  <testcase name="E o usuário preenche o campo &quot;processo_partes&quot; do tipo &quot;INPUT&quot; com valor &quot;Lucas x Mirella&quot;" classname="| Osasco | 1234 | Guarda |  | 17/12/2020 | Aguardando | Partes não pode ser deixado em branco |" time="0"/>
  <testcase name="E o usuário preenche o campo &quot;processo_urgente&quot; do tipo &quot;SELECT&quot; com valor &quot;Não&quot;" classname="| Osasco | 1234 | Guarda |  | 17/12/2020 | Aguardando | Partes não pode ser deixado em branco |" time="0"/>
  <testcase name="E o usuário preenche o campo &quot;processo_urgente&quot; do tipo &quot;SELECT&quot; com valor &quot;Não&quot;" classname="| Osasco | 1234 | Guarda |  | 17/12/2020 | Aguardando | Partes não pode ser deixado em branco |" time="0"/>
  <testcase name="E o usuário preenche o campo &quot;processo_arbitramento_s&quot; do tipo &quot;RADIOBUTTON&quot; para informar o valor &quot;Sim&quot;" classname="| Osasco | 1234 | Guarda |  | 17/12/2020 | Aguardando | Partes não pode ser deixado em branco |" time="0"/>
  <testcase name="E o usuário preenche o campo &quot;processo_assistente_social&quot; do tipo &quot;INPUT&quot; com valor &quot;Aline&quot;" classname="| Osasco | 1234 | Guarda |  | 17/12/2020 | Aguardando | Partes não pode ser deixado em branco |" time="0"/>
  <testcase name="E o usuário preenche o campo &quot;processo_assistente_social&quot; do tipo &quot;INPUT&quot; com valor &quot;Aline&quot;" classname="| Osasco | 1234 | Guarda |  | 17/12/2020 | Aguardando | Partes não pode ser deixado em branco |" time="0"/>
  <testcase name="E o usuário preenche o campo &quot;processo_data_entrada&quot; do tipo &quot;INPUT&quot; com valor &quot;17/12/2020&quot;" classname="| Osasco | 1234 | Guarda |  | 17/12/2020 | Aguardando | Partes não pode ser deixado em branco |" time="0"/>
  <testcase name="E o usuário preenche o campo &quot;processo_data_entrada&quot; do tipo &quot;INPUT&quot; com valor &quot;17/12/2020&quot;" classname="| Osasco | 1234 | Guarda |  | 17/12/2020 | Aguardando | Partes não pode ser deixado em branco |" time="0"/>
  <testcase name="E o usuário preenche o campo &quot;processo_data_saida&quot; do tipo &quot;INPUT&quot; com valor &quot;&quot;" classname="| Osasco | 1234 | Guarda |  | 17/12/2020 | Aguardando | Partes não pode ser deixado em branco |" time="0"/>
  <testcase name="E o usuário preenche o campo &quot;processo_data_saida&quot; do tipo &quot;INPUT&quot; com valor &quot;&quot;" classname="| Osasco | 1234 | Guarda |  | 17/12/2020 | Aguardando | Partes não pode ser deixado em branco |" time="0"/>
  <testcase name="E o usuário preenche o campo &quot;processo_data_agendamento&quot; do tipo &quot;INPUT&quot; com valor &quot;&quot;" classname="| Osasco | 1234 | Guarda |  | 17/12/2020 | Aguardando | Partes não pode ser deixado em branco |" time="0"/>
  <testcase name="E o usuário preenche o campo &quot;processo_data_agendamento&quot; do tipo &quot;INPUT&quot; com valor &quot;&quot;" classname="| Osasco | 1234 | Guarda |  | 17/12/2020 | Aguardando | Partes não pode ser deixado em branco |" time="0"/>
  <testcase name="E o usuário preenche o campo &quot;processo_status&quot; do tipo &quot;INPUT&quot; com valor &quot;Aguardando&quot;" classname="| Osasco | 1234 | Guarda |  | 17/12/2020 | Aguardando | Partes não pode ser deixado em branco |" time="0"/>
  <testcase name="E o usuário preenche o campo &quot;processo_status&quot; do tipo &quot;INPUT&quot; com valor &quot;Aguardando&quot;" classname="| Osasco | 1234 | Guarda |  | 17/12/2020 | Aguardando | Partes não pode ser deixado em branco |" time="0"/>
  <testcase name="E o usuário preenche o campo &quot;processo_observacao&quot; do tipo &quot;INPUT&quot; com valor &quot;&quot;" classname="| Osasco | 1234 | Guarda |  | 17/12/2020 | Aguardando | Partes não pode ser deixado em branco |" time="0"/>
  <testcase name="E o usuário preenche o campo &quot;processo_observacao&quot; do tipo &quot;INPUT&quot; com valor &quot;&quot;" classname="| Osasco | 1234 | Guarda |  | 17/12/2020 | Aguardando | Partes não pode ser deixado em branco |" time="0"/>
  <testcase name="E o usuário preenche o campo &quot;processo_numero_processo&quot; do tipo &quot;INPUT&quot; com valor &quot;1234&quot;" classname="| Osasco | 1234 | Guarda |  | 17/12/2020 | Aguardando | Partes não pode ser deixado em branco |" time="0"/>
  <testcase name="E o usuário preenche o campo &quot;processo_partes&quot; do tipo &quot;INPUT&quot; com valor &quot;&quot;" classname="| Osasco | 1234 | Guarda |  | 17/12/2020 | Aguardando | Partes não pode ser deixado em branco |" time="0"/>
  <testcase name="E o usuário preenche o campo &quot;processo_arbitramento_s&quot; do tipo &quot;RADIOBUTTON&quot; com valor &quot;Sim&quot;" classname="| Osasco | 1234 | Guarda |  | 17/12/2020 | Aguardando | Partes não pode ser deixado em branco |" time="0"/>
  <testcase name="Quando o usuário clicar no botão salvar na tela de cadastro" classname="| Osasco | 1234 | Guarda |  | 17/12/2020 | Aguardando | Partes não pode ser deixado em branco |" time="0"/>
  <testcase name="Então o usuário deveria ver a mensagem &quot;Partes não pode ser deixado em branco&quot; na tela de cadastro" classname="| Osasco | 1234 | Guarda |  | 17/12/2020 | Aguardando | Partes não pode ser deixado em branco |" time="0"/>
  <testcase name="| Osasco | 1234 | Guarda |  | 17/12/2020 | Aguardando | Partes não pode ser deixado em branco |" classname="| Osasco | 1234 | Guarda |  | 17/12/2020 | Aguardando | Partes não pode ser deixado em branco |" time="0.709"/>
  <testcase name="Dado que o usuário está na página inicial" classname="| Osasco | 1234 |  | Lucas x Mirella | 17/12/2020 | Aguardando | Natureza não pode ser deixado em branco |" time="0"/>
  <testcase name="Dado que o usuário está na página inicial" classname="| Osasco | 1234 |  | Lucas x Mirella | 17/12/2020 | Aguardando | Natureza não pode ser deixado em branco |" time="0"/>
  <testcase name="E que o usuário clica no menu Processos" classname="| Osasco | 1234 |  | Lucas x Mirella | 17/12/2020 | Aguardando | Natureza não pode ser deixado em branco |" time="0"/>
  <testcase name="E que o usuário clica no menu Processos" classname="| Osasco | 1234 |  | Lucas x Mirella | 17/12/2020 | Aguardando | Natureza não pode ser deixado em branco |" time="0"/>
  <testcase name="E o usuário clica no botão Novo Processo" classname="| Osasco | 1234 |  | Lucas x Mirella | 17/12/2020 | Aguardando | Natureza não pode ser deixado em branco |" time="0"/>
  <testcase name="E o usuário clica no botão Novo Processo" classname="| Osasco | 1234 |  | Lucas x Mirella | 17/12/2020 | Aguardando | Natureza não pode ser deixado em branco |" time="0"/>
  <testcase name="E o usuário preenche o campo &quot;processo_vara&quot; do tipo &quot;INPUT&quot; com valor &quot;Osasco&quot;" classname="| Osasco | 1234 |  | Lucas x Mirella | 17/12/2020 | Aguardando | Natureza não pode ser deixado em branco |" time="0"/>
  <testcase name="E o usuário preenche o campo &quot;processo_vara&quot; do tipo &quot;INPUT&quot; com valor &quot;Osasco&quot;" classname="| Osasco | 1234 |  | Lucas x Mirella | 17/12/2020 | Aguardando | Natureza não pode ser deixado em branco |" time="0"/>
  <testcase name="E o usuário preenche o campo &quot;processo_numero_processo&quot; do tipo &quot;INPUT&quot; com valor &quot;12345&quot;" classname="| Osasco | 1234 |  | Lucas x Mirella | 17/12/2020 | Aguardando | Natureza não pode ser deixado em branco |" time="0"/>
  <testcase name="E o usuário preenche o campo &quot;processo_natureza&quot; do tipo &quot;INPUT&quot; com valor &quot;Guarda&quot;" classname="| Osasco | 1234 |  | Lucas x Mirella | 17/12/2020 | Aguardando | Natureza não pode ser deixado em branco |" time="0"/>
  <testcase name="E o usuário preenche o campo &quot;processo_partes&quot; do tipo &quot;INPUT&quot; com valor &quot;Lucas x Mirella&quot;" classname="| Osasco | 1234 |  | Lucas x Mirella | 17/12/2020 | Aguardando | Natureza não pode ser deixado em branco |" time="0"/>
  <testcase name="E o usuário preenche o campo &quot;processo_partes&quot; do tipo &quot;INPUT&quot; com valor &quot;Lucas x Mirella&quot;" classname="| Osasco | 1234 |  | Lucas x Mirella | 17/12/2020 | Aguardando | Natureza não pode ser deixado em branco |" time="0"/>
  <testcase name="E o usuário preenche o campo &quot;processo_urgente&quot; do tipo &quot;SELECT&quot; com valor &quot;Não&quot;" classname="| Osasco | 1234 |  | Lucas x Mirella | 17/12/2020 | Aguardando | Natureza não pode ser deixado em branco |" time="0"/>
  <testcase name="E o usuário preenche o campo &quot;processo_urgente&quot; do tipo &quot;SELECT&quot; com valor &quot;Não&quot;" classname="| Osasco | 1234 |  | Lucas x Mirella | 17/12/2020 | Aguardando | Natureza não pode ser deixado em branco |" time="0"/>
  <testcase name="E o usuário preenche o campo &quot;processo_arbitramento_s&quot; do tipo &quot;RADIOBUTTON&quot; para informar o valor &quot;Sim&quot;" classname="| Osasco | 1234 |  | Lucas x Mirella | 17/12/2020 | Aguardando | Natureza não pode ser deixado em branco |" time="0"/>
  <testcase name="E o usuário preenche o campo &quot;processo_assistente_social&quot; do tipo &quot;INPUT&quot; com valor &quot;Aline&quot;" classname="| Osasco | 1234 |  | Lucas x Mirella | 17/12/2020 | Aguardando | Natureza não pode ser deixado em branco |" time="0"/>
  <testcase name="E o usuário preenche o campo &quot;processo_assistente_social&quot; do tipo &quot;INPUT&quot; com valor &quot;Aline&quot;" classname="| Osasco | 1234 |  | Lucas x Mirella | 17/12/2020 | Aguardando | Natureza não pode ser deixado em branco |" time="0"/>
  <testcase name="E o usuário preenche o campo &quot;processo_data_entrada&quot; do tipo &quot;INPUT&quot; com valor &quot;17/12/2020&quot;" classname="| Osasco | 1234 |  | Lucas x Mirella | 17/12/2020 | Aguardando | Natureza não pode ser deixado em branco |" time="0"/>
  <testcase name="E o usuário preenche o campo &quot;processo_data_entrada&quot; do tipo &quot;INPUT&quot; com valor &quot;17/12/2020&quot;" classname="| Osasco | 1234 |  | Lucas x Mirella | 17/12/2020 | Aguardando | Natureza não pode ser deixado em branco |" time="0"/>
  <testcase name="E o usuário preenche o campo &quot;processo_data_saida&quot; do tipo &quot;INPUT&quot; com valor &quot;&quot;" classname="| Osasco | 1234 |  | Lucas x Mirella | 17/12/2020 | Aguardando | Natureza não pode ser deixado em branco |" time="0"/>
  <testcase name="E o usuário preenche o campo &quot;processo_data_saida&quot; do tipo &quot;INPUT&quot; com valor &quot;&quot;" classname="| Osasco | 1234 |  | Lucas x Mirella | 17/12/2020 | Aguardando | Natureza não pode ser deixado em branco |" time="0"/>
  <testcase name="E o usuário preenche o campo &quot;processo_data_agendamento&quot; do tipo &quot;INPUT&quot; com valor &quot;&quot;" classname="| Osasco | 1234 |  | Lucas x Mirella | 17/12/2020 | Aguardando | Natureza não pode ser deixado em branco |" time="0"/>
  <testcase name="E o usuário preenche o campo &quot;processo_data_agendamento&quot; do tipo &quot;INPUT&quot; com valor &quot;&quot;" classname="| Osasco | 1234 |  | Lucas x Mirella | 17/12/2020 | Aguardando | Natureza não pode ser deixado em branco |" time="0"/>
  <testcase name="E o usuário preenche o campo &quot;processo_status&quot; do tipo &quot;INPUT&quot; com valor &quot;Aguardando&quot;" classname="| Osasco | 1234 |  | Lucas x Mirella | 17/12/2020 | Aguardando | Natureza não pode ser deixado em branco |" time="0"/>
  <testcase name="E o usuário preenche o campo &quot;processo_status&quot; do tipo &quot;INPUT&quot; com valor &quot;Aguardando&quot;" classname="| Osasco | 1234 |  | Lucas x Mirella | 17/12/2020 | Aguardando | Natureza não pode ser deixado em branco |" time="0"/>
  <testcase name="E o usuário preenche o campo &quot;processo_observacao&quot; do tipo &quot;INPUT&quot; com valor &quot;&quot;" classname="| Osasco | 1234 |  | Lucas x Mirella | 17/12/2020 | Aguardando | Natureza não pode ser deixado em branco |" time="0"/>
  <testcase name="E o usuário preenche o campo &quot;processo_observacao&quot; do tipo &quot;INPUT&quot; com valor &quot;&quot;" classname="| Osasco | 1234 |  | Lucas x Mirella | 17/12/2020 | Aguardando | Natureza não pode ser deixado em branco |" time="0"/>
  <testcase name="E o usuário preenche o campo &quot;processo_numero_processo&quot; do tipo &quot;INPUT&quot; com valor &quot;1234&quot;" classname="| Osasco | 1234 |  | Lucas x Mirella | 17/12/2020 | Aguardando | Natureza não pode ser deixado em branco |" time="0"/>
  <testcase name="E o usuário preenche o campo &quot;processo_natureza&quot; do tipo &quot;INPUT&quot; com valor &quot;&quot;" classname="| Osasco | 1234 |  | Lucas x Mirella | 17/12/2020 | Aguardando | Natureza não pode ser deixado em branco |" time="0"/>
  <testcase name="E o usuário preenche o campo &quot;processo_arbitramento_s&quot; do tipo &quot;RADIOBUTTON&quot; com valor &quot;Sim&quot;" classname="| Osasco | 1234 |  | Lucas x Mirella | 17/12/2020 | Aguardando | Natureza não pode ser deixado em branco |" time="0"/>
  <testcase name="Quando o usuário clicar no botão salvar na tela de cadastro" classname="| Osasco | 1234 |  | Lucas x Mirella | 17/12/2020 | Aguardando | Natureza não pode ser deixado em branco |" time="0"/>
  <testcase name="Então o usuário deveria ver a mensagem &quot;Natureza não pode ser deixado em branco&quot; na tela de cadastro" classname="| Osasco | 1234 |  | Lucas x Mirella | 17/12/2020 | Aguardando | Natureza não pode ser deixado em branco |" time="0"/>
  <testcase name="| Osasco | 1234 |  | Lucas x Mirella | 17/12/2020 | Aguardando | Natureza não pode ser deixado em branco |" classname="| Osasco | 1234 |  | Lucas x Mirella | 17/12/2020 | Aguardando | Natureza não pode ser deixado em branco |" time="0.788"/>
  <testcase name="Dado que o usuário está na página inicial" classname="| Osasco |  | Guarda | Lucas x Mirella | 17/12/2020 | Aguardando | Numero processo não pode ser deixado em branco |" time="0"/>
  <testcase name="Dado que o usuário está na página inicial" classname="| Osasco |  | Guarda | Lucas x Mirella | 17/12/2020 | Aguardando | Numero processo não pode ser deixado em branco |" time="0"/>
  <testcase name="E que o usuário clica no menu Processos" classname="| Osasco |  | Guarda | Lucas x Mirella | 17/12/2020 | Aguardando | Numero processo não pode ser deixado em branco |" time="0"/>
  <testcase name="E que o usuário clica no menu Processos" classname="| Osasco |  | Guarda | Lucas x Mirella | 17/12/2020 | Aguardando | Numero processo não pode ser deixado em branco |" time="0"/>
  <testcase name="E o usuário clica no botão Novo Processo" classname="| Osasco |  | Guarda | Lucas x Mirella | 17/12/2020 | Aguardando | Numero processo não pode ser deixado em branco |" time="0"/>
  <testcase name="E o usuário clica no botão Novo Processo" classname="| Osasco |  | Guarda | Lucas x Mirella | 17/12/2020 | Aguardando | Numero processo não pode ser deixado em branco |" time="0"/>
  <testcase name="E o usuário preenche o campo &quot;processo_vara&quot; do tipo &quot;INPUT&quot; com valor &quot;Osasco&quot;" classname="| Osasco |  | Guarda | Lucas x Mirella | 17/12/2020 | Aguardando | Numero processo não pode ser deixado em branco |" time="0"/>
  <testcase name="E o usuário preenche o campo &quot;processo_vara&quot; do tipo &quot;INPUT&quot; com valor &quot;Osasco&quot;" classname="| Osasco |  | Guarda | Lucas x Mirella | 17/12/2020 | Aguardando | Numero processo não pode ser deixado em branco |" time="0"/>
  <testcase name="E o usuário preenche o campo &quot;processo_numero_processo&quot; do tipo &quot;INPUT&quot; com valor &quot;12345&quot;" classname="| Osasco |  | Guarda | Lucas x Mirella | 17/12/2020 | Aguardando | Numero processo não pode ser deixado em branco |" time="0"/>
  <testcase name="E o usuário preenche o campo &quot;processo_natureza&quot; do tipo &quot;INPUT&quot; com valor &quot;Guarda&quot;" classname="| Osasco |  | Guarda | Lucas x Mirella | 17/12/2020 | Aguardando | Numero processo não pode ser deixado em branco |" time="0"/>
  <testcase name="E o usuário preenche o campo &quot;processo_natureza&quot; do tipo &quot;INPUT&quot; com valor &quot;Guarda&quot;" classname="| Osasco |  | Guarda | Lucas x Mirella | 17/12/2020 | Aguardando | Numero processo não pode ser deixado em branco |" time="0"/>
  <testcase name="E o usuário preenche o campo &quot;processo_partes&quot; do tipo &quot;INPUT&quot; com valor &quot;Lucas x Mirella&quot;" classname="| Osasco |  | Guarda | Lucas x Mirella | 17/12/2020 | Aguardando | Numero processo não pode ser deixado em branco |" time="0"/>
  <testcase name="E o usuário preenche o campo &quot;processo_partes&quot; do tipo &quot;INPUT&quot; com valor &quot;Lucas x Mirella&quot;" classname="| Osasco |  | Guarda | Lucas x Mirella | 17/12/2020 | Aguardando | Numero processo não pode ser deixado em branco |" time="0"/>
  <testcase name="E o usuário preenche o campo &quot;processo_urgente&quot; do tipo &quot;SELECT&quot; com valor &quot;Não&quot;" classname="| Osasco |  | Guarda | Lucas x Mirella | 17/12/2020 | Aguardando | Numero processo não pode ser deixado em branco |" time="0"/>
  <testcase name="E o usuário preenche o campo &quot;processo_urgente&quot; do tipo &quot;SELECT&quot; com valor &quot;Não&quot;" classname="| Osasco |  | Guarda | Lucas x Mirella | 17/12/2020 | Aguardando | Numero processo não pode ser deixado em branco |" time="0"/>
  <testcase name="E o usuário preenche o campo &quot;processo_arbitramento_s&quot; do tipo &quot;RADIOBUTTON&quot; para informar o valor &quot;Sim&quot;" classname="| Osasco |  | Guarda | Lucas x Mirella | 17/12/2020 | Aguardando | Numero processo não pode ser deixado em branco |" time="0"/>
  <testcase name="E o usuário preenche o campo &quot;processo_assistente_social&quot; do tipo &quot;INPUT&quot; com valor &quot;Aline&quot;" classname="| Osasco |  | Guarda | Lucas x Mirella | 17/12/2020 | Aguardando | Numero processo não pode ser deixado em branco |" time="0"/>
  <testcase name="E o usuário preenche o campo &quot;processo_assistente_social&quot; do tipo &quot;INPUT&quot; com valor &quot;Aline&quot;" classname="| Osasco |  | Guarda | Lucas x Mirella | 17/12/2020 | Aguardando | Numero processo não pode ser deixado em branco |" time="0"/>
  <testcase name="E o usuário preenche o campo &quot;processo_data_entrada&quot; do tipo &quot;INPUT&quot; com valor &quot;17/12/2020&quot;" classname="| Osasco |  | Guarda | Lucas x Mirella | 17/12/2020 | Aguardando | Numero processo não pode ser deixado em branco |" time="0"/>
  <testcase name="E o usuário preenche o campo &quot;processo_data_entrada&quot; do tipo &quot;INPUT&quot; com valor &quot;17/12/2020&quot;" classname="| Osasco |  | Guarda | Lucas x Mirella | 17/12/2020 | Aguardando | Numero processo não pode ser deixado em branco |" time="0"/>
  <testcase name="E o usuário preenche o campo &quot;processo_data_saida&quot; do tipo &quot;INPUT&quot; com valor &quot;&quot;" classname="| Osasco |  | Guarda | Lucas x Mirella | 17/12/2020 | Aguardando | Numero processo não pode ser deixado em branco |" time="0"/>
  <testcase name="E o usuário preenche o campo &quot;processo_data_saida&quot; do tipo &quot;INPUT&quot; com valor &quot;&quot;" classname="| Osasco |  | Guarda | Lucas x Mirella | 17/12/2020 | Aguardando | Numero processo não pode ser deixado em branco |" time="0"/>
  <testcase name="E o usuário preenche o campo &quot;processo_data_agendamento&quot; do tipo &quot;INPUT&quot; com valor &quot;&quot;" classname="| Osasco |  | Guarda | Lucas x Mirella | 17/12/2020 | Aguardando | Numero processo não pode ser deixado em branco |" time="0"/>
  <testcase name="E o usuário preenche o campo &quot;processo_data_agendamento&quot; do tipo &quot;INPUT&quot; com valor &quot;&quot;" classname="| Osasco |  | Guarda | Lucas x Mirella | 17/12/2020 | Aguardando | Numero processo não pode ser deixado em branco |" time="0"/>
  <testcase name="E o usuário preenche o campo &quot;processo_status&quot; do tipo &quot;INPUT&quot; com valor &quot;Aguardando&quot;" classname="| Osasco |  | Guarda | Lucas x Mirella | 17/12/2020 | Aguardando | Numero processo não pode ser deixado em branco |" time="0"/>
  <testcase name="E o usuário preenche o campo &quot;processo_status&quot; do tipo &quot;INPUT&quot; com valor &quot;Aguardando&quot;" classname="| Osasco |  | Guarda | Lucas x Mirella | 17/12/2020 | Aguardando | Numero processo não pode ser deixado em branco |" time="0"/>
  <testcase name="E o usuário preenche o campo &quot;processo_observacao&quot; do tipo &quot;INPUT&quot; com valor &quot;&quot;" classname="| Osasco |  | Guarda | Lucas x Mirella | 17/12/2020 | Aguardando | Numero processo não pode ser deixado em branco |" time="0"/>
  <testcase name="E o usuário preenche o campo &quot;processo_observacao&quot; do tipo &quot;INPUT&quot; com valor &quot;&quot;" classname="| Osasco |  | Guarda | Lucas x Mirella | 17/12/2020 | Aguardando | Numero processo não pode ser deixado em branco |" time="0"/>
  <testcase name="E o usuário preenche o campo &quot;processo_numero_processo&quot; do tipo &quot;INPUT&quot; com valor &quot;&quot;" classname="| Osasco |  | Guarda | Lucas x Mirella | 17/12/2020 | Aguardando | Numero processo não pode ser deixado em branco |" time="0"/>
  <testcase name="E o usuário preenche o campo &quot;processo_arbitramento_s&quot; do tipo &quot;RADIOBUTTON&quot; com valor &quot;Sim&quot;" classname="| Osasco |  | Guarda | Lucas x Mirella | 17/12/2020 | Aguardando | Numero processo não pode ser deixado em branco |" time="0"/>
  <testcase name="Quando o usuário clicar no botão salvar na tela de cadastro" classname="| Osasco |  | Guarda | Lucas x Mirella | 17/12/2020 | Aguardando | Numero processo não pode ser deixado em branco |" time="0"/>
  <testcase name="Então o usuário deveria ver a mensagem &quot;Numero processo não pode ser deixado em branco&quot; na tela de cadastro" classname="| Osasco |  | Guarda | Lucas x Mirella | 17/12/2020 | Aguardando | Numero processo não pode ser deixado em branco |" time="0"/>
  <testcase name="| Osasco |  | Guarda | Lucas x Mirella | 17/12/2020 | Aguardando | Numero processo não pode ser deixado em branco |" classname="| Osasco |  | Guarda | Lucas x Mirella | 17/12/2020 | Aguardando | Numero processo não pode ser deixado em branco |" time="0.698"/>
  <testcase name="Dado que o usuário está na página inicial" classname="|  | 1234 | Guarda | Lucas x Mirella | 17/12/2020 | Aguardando | Vara não pode ser deixado em branco |" time="0"/>
  <testcase name="Dado que o usuário está na página inicial" classname="|  | 1234 | Guarda | Lucas x Mirella | 17/12/2020 | Aguardando | Vara não pode ser deixado em branco |" time="0"/>
  <testcase name="E que o usuário clica no menu Processos" classname="|  | 1234 | Guarda | Lucas x Mirella | 17/12/2020 | Aguardando | Vara não pode ser deixado em branco |" time="0"/>
  <testcase name="E que o usuário clica no menu Processos" classname="|  | 1234 | Guarda | Lucas x Mirella | 17/12/2020 | Aguardando | Vara não pode ser deixado em branco |" time="0"/>
  <testcase name="E o usuário clica no botão Novo Processo" classname="|  | 1234 | Guarda | Lucas x Mirella | 17/12/2020 | Aguardando | Vara não pode ser deixado em branco |" time="0"/>
  <testcase name="E o usuário clica no botão Novo Processo" classname="|  | 1234 | Guarda | Lucas x Mirella | 17/12/2020 | Aguardando | Vara não pode ser deixado em branco |" time="0"/>
  <testcase name="E o usuário preenche o campo &quot;processo_vara&quot; do tipo &quot;INPUT&quot; com valor &quot;Osasco&quot;" classname="|  | 1234 | Guarda | Lucas x Mirella | 17/12/2020 | Aguardando | Vara não pode ser deixado em branco |" time="0"/>
  <testcase name="E o usuário preenche o campo &quot;processo_numero_processo&quot; do tipo &quot;INPUT&quot; com valor &quot;12345&quot;" classname="|  | 1234 | Guarda | Lucas x Mirella | 17/12/2020 | Aguardando | Vara não pode ser deixado em branco |" time="0"/>
  <testcase name="E o usuário preenche o campo &quot;processo_natureza&quot; do tipo &quot;INPUT&quot; com valor &quot;Guarda&quot;" classname="|  | 1234 | Guarda | Lucas x Mirella | 17/12/2020 | Aguardando | Vara não pode ser deixado em branco |" time="0"/>
  <testcase name="E o usuário preenche o campo &quot;processo_natureza&quot; do tipo &quot;INPUT&quot; com valor &quot;Guarda&quot;" classname="|  | 1234 | Guarda | Lucas x Mirella | 17/12/2020 | Aguardando | Vara não pode ser deixado em branco |" time="0"/>
  <testcase name="E o usuário preenche o campo &quot;processo_partes&quot; do tipo &quot;INPUT&quot; com valor &quot;Lucas x Mirella&quot;" classname="|  | 1234 | Guarda | Lucas x Mirella | 17/12/2020 | Aguardando | Vara não pode ser deixado em branco |" time="0"/>
  <testcase name="E o usuário preenche o campo &quot;processo_partes&quot; do tipo &quot;INPUT&quot; com valor &quot;Lucas x Mirella&quot;" classname="|  | 1234 | Guarda | Lucas x Mirella | 17/12/2020 | Aguardando | Vara não pode ser deixado em branco |" time="0"/>
  <testcase name="E o usuário preenche o campo &quot;processo_urgente&quot; do tipo &quot;SELECT&quot; com valor &quot;Não&quot;" classname="|  | 1234 | Guarda | Lucas x Mirella | 17/12/2020 | Aguardando | Vara não pode ser deixado em branco |" time="0"/>
  <testcase name="E o usuário preenche o campo &quot;processo_urgente&quot; do tipo &quot;SELECT&quot; com valor &quot;Não&quot;" classname="|  | 1234 | Guarda | Lucas x Mirella | 17/12/2020 | Aguardando | Vara não pode ser deixado em branco |" time="0"/>
  <testcase name="E o usuário preenche o campo &quot;processo_arbitramento_s&quot; do tipo &quot;RADIOBUTTON&quot; para informar o valor &quot;Sim&quot;" classname="|  | 1234 | Guarda | Lucas x Mirella | 17/12/2020 | Aguardando | Vara não pode ser deixado em branco |" time="0"/>
  <testcase name="E o usuário preenche o campo &quot;processo_assistente_social&quot; do tipo &quot;INPUT&quot; com valor &quot;Aline&quot;" classname="|  | 1234 | Guarda | Lucas x Mirella | 17/12/2020 | Aguardando | Vara não pode ser deixado em branco |" time="0"/>
  <testcase name="E o usuário preenche o campo &quot;processo_assistente_social&quot; do tipo &quot;INPUT&quot; com valor &quot;Aline&quot;" classname="|  | 1234 | Guarda | Lucas x Mirella | 17/12/2020 | Aguardando | Vara não pode ser deixado em branco |" time="0"/>
  <testcase name="E o usuário preenche o campo &quot;processo_data_entrada&quot; do tipo &quot;INPUT&quot; com valor &quot;17/12/2020&quot;" classname="|  | 1234 | Guarda | Lucas x Mirella | 17/12/2020 | Aguardando | Vara não pode ser deixado em branco |" time="0"/>
  <testcase name="E o usuário preenche o campo &quot;processo_data_entrada&quot; do tipo &quot;INPUT&quot; com valor &quot;17/12/2020&quot;" classname="|  | 1234 | Guarda | Lucas x Mirella | 17/12/2020 | Aguardando | Vara não pode ser deixado em branco |" time="0"/>
  <testcase name="E o usuário preenche o campo &quot;processo_data_saida&quot; do tipo &quot;INPUT&quot; com valor &quot;&quot;" classname="|  | 1234 | Guarda | Lucas x Mirella | 17/12/2020 | Aguardando | Vara não pode ser deixado em branco |" time="0"/>
  <testcase name="E o usuário preenche o campo &quot;processo_data_saida&quot; do tipo &quot;INPUT&quot; com valor &quot;&quot;" classname="|  | 1234 | Guarda | Lucas x Mirella | 17/12/2020 | Aguardando | Vara não pode ser deixado em branco |" time="0"/>
  <testcase name="E o usuário preenche o campo &quot;processo_data_agendamento&quot; do tipo &quot;INPUT&quot; com valor &quot;&quot;" classname="|  | 1234 | Guarda | Lucas x Mirella | 17/12/2020 | Aguardando | Vara não pode ser deixado em branco |" time="0"/>
  <testcase name="E o usuário preenche o campo &quot;processo_data_agendamento&quot; do tipo &quot;INPUT&quot; com valor &quot;&quot;" classname="|  | 1234 | Guarda | Lucas x Mirella | 17/12/2020 | Aguardando | Vara não pode ser deixado em branco |" time="0"/>
  <testcase name="E o usuário preenche o campo &quot;processo_status&quot; do tipo &quot;INPUT&quot; com valor &quot;Aguardando&quot;" classname="|  | 1234 | Guarda | Lucas x Mirella | 17/12/2020 | Aguardando | Vara não pode ser deixado em branco |" time="0"/>
  <testcase name="E o usuário preenche o campo &quot;processo_status&quot; do tipo &quot;INPUT&quot; com valor &quot;Aguardando&quot;" classname="|  | 1234 | Guarda | Lucas x Mirella | 17/12/2020 | Aguardando | Vara não pode ser deixado em branco |" time="0"/>
  <testcase name="E o usuário preenche o campo &quot;processo_observacao&quot; do tipo &quot;INPUT&quot; com valor &quot;&quot;" classname="|  | 1234 | Guarda | Lucas x Mirella | 17/12/2020 | Aguardando | Vara não pode ser deixado em branco |" time="0"/>
  <testcase name="E o usuário preenche o campo &quot;processo_observacao&quot; do tipo &quot;INPUT&quot; com valor &quot;&quot;" classname="|  | 1234 | Guarda | Lucas x Mirella | 17/12/2020 | Aguardando | Vara não pode ser deixado em branco |" time="0.001"/>
  <testcase name="E o usuário preenche o campo &quot;processo_vara&quot; do tipo &quot;INPUT&quot; com valor &quot;&quot;" classname="|  | 1234 | Guarda | Lucas x Mirella | 17/12/2020 | Aguardando | Vara não pode ser deixado em branco |" time="0"/>
  <testcase name="E o usuário preenche o campo &quot;processo_numero_processo&quot; do tipo &quot;INPUT&quot; com valor &quot;1234&quot;" classname="|  | 1234 | Guarda | Lucas x Mirella | 17/12/2020 | Aguardando | Vara não pode ser deixado em branco |" time="0.001"/>
  <testcase name="E o usuário preenche o campo &quot;processo_arbitramento_s&quot; do tipo &quot;RADIOBUTTON&quot; com valor &quot;Sim&quot;" classname="|  | 1234 | Guarda | Lucas x Mirella | 17/12/2020 | Aguardando | Vara não pode ser deixado em branco |" time="0"/>
  <testcase name="Quando o usuário clicar no botão salvar na tela de cadastro" classname="|  | 1234 | Guarda | Lucas x Mirella | 17/12/2020 | Aguardando | Vara não pode ser deixado em branco |" time="0"/>
  <testcase name="Então o usuário deveria ver a mensagem &quot;Vara não pode ser deixado em branco&quot; na tela de cadastro" classname="|  | 1234 | Guarda | Lucas x Mirella | 17/12/2020 | Aguardando | Vara não pode ser deixado em branco |" time="0"/>
  <testcase name="|  | 1234 | Guarda | Lucas x Mirella | 17/12/2020 | Aguardando | Vara não pode ser deixado em branco |" classname="|  | 1234 | Guarda | Lucas x Mirella | 17/12/2020 | Aguardando | Vara não pode ser deixado em branco |" time="0.748"/>
  <testcase name="Dado que o usuário está na página inicial" classname="| Osasco | 1234 | Guarda | Lucas x Mirella | Invalida | Aguardando | Data entrada não pode ser deixado em branco |" time="0"/>
  <testcase name="Dado que o usuário está na página inicial" classname="| Osasco | 1234 | Guarda | Lucas x Mirella | Invalida | Aguardando | Data entrada não pode ser deixado em branco |" time="0"/>
  <testcase name="E que o usuário clica no menu Processos" classname="| Osasco | 1234 | Guarda | Lucas x Mirella | Invalida | Aguardando | Data entrada não pode ser deixado em branco |" time="0"/>
  <testcase name="E que o usuário clica no menu Processos" classname="| Osasco | 1234 | Guarda | Lucas x Mirella | Invalida | Aguardando | Data entrada não pode ser deixado em branco |" time="0"/>
  <testcase name="E o usuário clica no botão Novo Processo" classname="| Osasco | 1234 | Guarda | Lucas x Mirella | Invalida | Aguardando | Data entrada não pode ser deixado em branco |" time="0"/>
  <testcase name="E o usuário clica no botão Novo Processo" classname="| Osasco | 1234 | Guarda | Lucas x Mirella | Invalida | Aguardando | Data entrada não pode ser deixado em branco |" time="0"/>
  <testcase name="E o usuário preenche o campo &quot;processo_vara&quot; do tipo &quot;INPUT&quot; com valor &quot;Osasco&quot;" classname="| Osasco | 1234 | Guarda | Lucas x Mirella | Invalida | Aguardando | Data entrada não pode ser deixado em branco |" time="0"/>
  <testcase name="E o usuário preenche o campo &quot;processo_vara&quot; do tipo &quot;INPUT&quot; com valor &quot;Osasco&quot;" classname="| Osasco | 1234 | Guarda | Lucas x Mirella | Invalida | Aguardando | Data entrada não pode ser deixado em branco |" time="0"/>
  <testcase name="E o usuário preenche o campo &quot;processo_numero_processo&quot; do tipo &quot;INPUT&quot; com valor &quot;12345&quot;" classname="| Osasco | 1234 | Guarda | Lucas x Mirella | Invalida | Aguardando | Data entrada não pode ser deixado em branco |" time="0"/>
  <testcase name="E o usuário preenche o campo &quot;processo_natureza&quot; do tipo &quot;INPUT&quot; com valor &quot;Guarda&quot;" classname="| Osasco | 1234 | Guarda | Lucas x Mirella | Invalida | Aguardando | Data entrada não pode ser deixado em branco |" time="0"/>
  <testcase name="E o usuário preenche o campo &quot;processo_natureza&quot; do tipo &quot;INPUT&quot; com valor &quot;Guarda&quot;" classname="| Osasco | 1234 | Guarda | Lucas x Mirella | Invalida | Aguardando | Data entrada não pode ser deixado em branco |" time="0"/>
  <testcase name="E o usuário preenche o campo &quot;processo_partes&quot; do tipo &quot;INPUT&quot; com valor &quot;Lucas x Mirella&quot;" classname="| Osasco | 1234 | Guarda | Lucas x Mirella | Invalida | Aguardando | Data entrada não pode ser deixado em branco |" time="0"/>
  <testcase name="E o usuário preenche o campo &quot;processo_partes&quot; do tipo &quot;INPUT&quot; com valor &quot;Lucas x Mirella&quot;" classname="| Osasco | 1234 | Guarda | Lucas x Mirella | Invalida | Aguardando | Data entrada não pode ser deixado em branco |" time="0"/>
  <testcase name="E o usuário preenche o campo &quot;processo_urgente&quot; do tipo &quot;SELECT&quot; com valor &quot;Não&quot;" classname="| Osasco | 1234 | Guarda | Lucas x Mirella | Invalida | Aguardando | Data entrada não pode ser deixado em branco |" time="0"/>
  <testcase name="E o usuário preenche o campo &quot;processo_urgente&quot; do tipo &quot;SELECT&quot; com valor &quot;Não&quot;" classname="| Osasco | 1234 | Guarda | Lucas x Mirella | Invalida | Aguardando | Data entrada não pode ser deixado em branco |" time="0"/>
  <testcase name="E o usuário preenche o campo &quot;processo_arbitramento_s&quot; do tipo &quot;RADIOBUTTON&quot; para informar o valor &quot;Sim&quot;" classname="| Osasco | 1234 | Guarda | Lucas x Mirella | Invalida | Aguardando | Data entrada não pode ser deixado em branco |" time="0"/>
  <testcase name="E o usuário preenche o campo &quot;processo_assistente_social&quot; do tipo &quot;INPUT&quot; com valor &quot;Aline&quot;" classname="| Osasco | 1234 | Guarda | Lucas x Mirella | Invalida | Aguardando | Data entrada não pode ser deixado em branco |" time="0"/>
  <testcase name="E o usuário preenche o campo &quot;processo_assistente_social&quot; do tipo &quot;INPUT&quot; com valor &quot;Aline&quot;" classname="| Osasco | 1234 | Guarda | Lucas x Mirella | Invalida | Aguardando | Data entrada não pode ser deixado em branco |" time="0"/>
  <testcase name="E o usuário preenche o campo &quot;processo_data_entrada&quot; do tipo &quot;INPUT&quot; com valor &quot;17/12/2020&quot;" classname="| Osasco | 1234 | Guarda | Lucas x Mirella | Invalida | Aguardando | Data entrada não pode ser deixado em branco |" time="0"/>
  <testcase name="E o usuário preenche o campo &quot;processo_data_saida&quot; do tipo &quot;INPUT&quot; com valor &quot;&quot;" classname="| Osasco | 1234 | Guarda | Lucas x Mirella | Invalida | Aguardando | Data entrada não pode ser deixado em branco |" time="0"/>
  <testcase name="E o usuário preenche o campo &quot;processo_data_saida&quot; do tipo &quot;INPUT&quot; com valor &quot;&quot;" classname="| Osasco | 1234 | Guarda | Lucas x Mirella | Invalida | Aguardando | Data entrada não pode ser deixado em branco |" time="0"/>
  <testcase name="E o usuário preenche o campo &quot;processo_data_agendamento&quot; do tipo &quot;INPUT&quot; com valor &quot;&quot;" classname="| Osasco | 1234 | Guarda | Lucas x Mirella | Invalida | Aguardando | Data entrada não pode ser deixado em branco |" time="0"/>
  <testcase name="E o usuário preenche o campo &quot;processo_data_agendamento&quot; do tipo &quot;INPUT&quot; com valor &quot;&quot;" classname="| Osasco | 1234 | Guarda | Lucas x Mirella | Invalida | Aguardando | Data entrada não pode ser deixado em branco |" time="0.001"/>
  <testcase name="E o usuário preenche o campo &quot;processo_status&quot; do tipo &quot;INPUT&quot; com valor &quot;Aguardando&quot;" classname="| Osasco | 1234 | Guarda | Lucas x Mirella | Invalida | Aguardando | Data entrada não pode ser deixado em branco |" time="0"/>
  <testcase name="E o usuário preenche o campo &quot;processo_status&quot; do tipo &quot;INPUT&quot; com valor &quot;Aguardando&quot;" classname="| Osasco | 1234 | Guarda | Lucas x Mirella | Invalida | Aguardando | Data entrada não pode ser deixado em branco |" time="0"/>
  <testcase name="E o usuário preenche o campo &quot;processo_observacao&quot; do tipo &quot;INPUT&quot; com valor &quot;&quot;" classname="| Osasco | 1234 | Guarda | Lucas x Mirella | Invalida | Aguardando | Data entrada não pode ser deixado em branco |" time="0"/>
  <testcase name="E o usuário preenche o campo &quot;processo_observacao&quot; do tipo &quot;INPUT&quot; com valor &quot;&quot;" classname="| Osasco | 1234 | Guarda | Lucas x Mirella | Invalida | Aguardando | Data entrada não pode ser deixado em branco |" time="0.001"/>
  <testcase name="E o usuário preenche o campo &quot;processo_numero_processo&quot; do tipo &quot;INPUT&quot; com valor &quot;1234&quot;" classname="| Osasco | 1234 | Guarda | Lucas x Mirella | Invalida | Aguardando | Data entrada não pode ser deixado em branco |" time="0"/>
  <testcase name="E o usuário preenche o campo &quot;processo_arbitramento_s&quot; do tipo &quot;RADIOBUTTON&quot; com valor &quot;Sim&quot;" classname="| Osasco | 1234 | Guarda | Lucas x Mirella | Invalida | Aguardando | Data entrada não pode ser deixado em branco |" time="0"/>
  <testcase name="E o usuário preenche o campo &quot;processo_data_entrada&quot; do tipo &quot;INPUT&quot; com valor &quot;Invalida&quot;" classname="| Osasco | 1234 | Guarda | Lucas x Mirella | Invalida | Aguardando | Data entrada não pode ser deixado em branco |" time="0"/>
  <testcase name="Quando o usuário clicar no botão salvar na tela de cadastro" classname="| Osasco | 1234 | Guarda | Lucas x Mirella | Invalida | Aguardando | Data entrada não pode ser deixado em branco |" time="0"/>
  <testcase name="Então o usuário deveria ver a mensagem &quot;Data entrada não pode ser deixado em branco&quot; na tela de cadastro" classname="| Osasco | 1234 | Guarda | Lucas x Mirella | Invalida | Aguardando | Data entrada não pode ser deixado em branco |" time="0"/>
  <testcase name="| Osasco | 1234 | Guarda | Lucas x Mirella | Invalida | Aguardando | Data entrada não pode ser deixado em branco |" classname="| Osasco | 1234 | Guarda | Lucas x Mirella | Invalida | Aguardando | Data entrada não pode ser deixado em branco |" time="0.799"/>
</testsuite>